<?xml version="1.0" encoding="UTF-8"?>
<!-- Generated by org.testng.reporters.JUnitXMLReporter -->
<testsuite hostname="UTISLAPTOP54" ignored="0" name="Test" tests="3" failures="0" timestamp="20 May 2020 07:41:54 GMT" time="8.273" errors="0">
  <testcase name="CreateIssueTest" time="1.013" classname="org.test.jira.IssueAPI.CreateIssue"/>
  <testcase name="GetIssueTest" time="0.125" classname="org.test.jira.IssueAPI.GetIssueDetails"/>
  <testcase name="DeleteIssueTest" time="0.118" classname="org.test.jira.IssueAPI.DeleteIssue"/>
</testsuite> <!-- Test -->
